{"ts":"2026-05-11T16:14:50.001Z","level":"info","message":"Conexion a base de datos verificada"}
{"ts":"2026-05-11T16:14:50.012Z","level":"info","message":"Servidor iniciado","port":3000,"url":"http://localhost:3000"}
{"ts":"2026-05-11T16:14:54.769Z","level":"info","message":"http","reqId":1,"method":"GET","path":"/api/health","status":200,"ms":61}
{"ts":"2026-05-11T16:39:37.585Z","level":"info","message":"http","reqId":2,"method":"GET","path":"/api/health","status":200,"ms":3}
{"ts":"2026-05-11T16:41:07.672Z","level":"info","message":"http","reqId":3,"method":"GET","path":"/","status":304,"ms":9}
{"ts":"2026-05-11T16:41:07.762Z","level":"info","message":"http","reqId":4,"method":"GET","path":"/ui-protection.js","status":304,"ms":3}
{"ts":"2026-05-11T16:41:08.075Z","level":"info","message":"http","reqId":5,"method":"GET","path":"/dashboard-Acuses.html","status":304,"ms":0}
{"ts":"2026-05-11T16:41:08.096Z","level":"info","message":"http","reqId":6,"method":"GET","path":"/ui-protection.js","status":304,"ms":1}
{"ts":"2026-05-11T16:41:08.103Z","level":"info","message":"http","reqId":7,"method":"GET","path":"/date-picker-pro.css","status":304,"ms":5}
{"ts":"2026-05-11T16:41:08.104Z","level":"info","message":"http","reqId":9,"method":"GET","path":"/acuse-api.js","status":304,"ms":3}
{"ts":"2026-05-11T16:41:08.105Z","level":"info","message":"http","reqId":11,"method":"GET","path":"/storage-utils.js","status":304,"ms":3}
{"ts":"2026-05-11T16:41:08.106Z","level":"info","message":"http","reqId":12,"method":"GET","path":"/date-picker-pro.js","status":304,"ms":4}
{"ts":"2026-05-11T16:41:08.106Z","level":"info","message":"http","reqId":8,"method":"GET","path":"/dashboard-acuses.css","status":304,"ms":6}
{"ts":"2026-05-11T16:41:08.107Z","level":"info","message":"http","reqId":10,"method":"GET","path":"/shared/alas-shared.js","status":304,"ms":6}
{"ts":"2026-05-11T16:41:08.109Z","level":"info","message":"http","reqId":14,"method":"GET","path":"/dashboard-mobile.js","status":304,"ms":1}
{"ts":"2026-05-11T16:41:08.111Z","level":"info","message":"http","reqId":13,"method":"GET","path":"/dashboard-acuses.js","status":304,"ms":4}
{"ts":"2026-05-11T16:41:08.237Z","level":"info","message":"http","reqId":18,"method":"GET","path":"/img/alas_logo.png","status":304,"ms":2}
{"ts":"2026-05-11T16:41:08.419Z","level":"info","message":"http","reqId":16,"method":"GET","path":"/summary","status":200,"ms":189}
{"ts":"2026-05-11T16:41:08.422Z","level":"info","message":"http","reqId":15,"method":"GET","path":"/summary","status":200,"ms":193}
{"ts":"2026-05-11T16:41:08.427Z","level":"info","message":"http","reqId":17,"method":"GET","path":"/summary","status":200,"ms":195}
{"ts":"2026-05-11T16:41:08.673Z","level":"info","message":"http","reqId":19,"method":"GET","path":"/panel/acuses","status":200,"ms":48}
{"ts":"2026-05-11T16:41:08.713Z","level":"info","message":"http","reqId":21,"method":"GET","path":"/calendar","status":200,"ms":3}
{"ts":"2026-05-11T16:41:50.016Z","level":"info","message":"http","reqId":22,"method":"GET","path":"/panel/anulados","status":200,"ms":42}
{"ts":"2026-05-11T16:41:50.618Z","level":"info","message":"http","reqId":23,"method":"GET","path":"/panel/entregados","status":200,"ms":35}
{"ts":"2026-05-11T16:41:51.090Z","level":"info","message":"http","reqId":24,"method":"GET","path":"/panel/en_transito","status":200,"ms":35}
{"ts":"2026-05-11T16:41:51.706Z","level":"info","message":"http","reqId":25,"method":"GET","path":"/panel/pendientes","status":200,"ms":43}
{"ts":"2026-05-11T16:42:00.292Z","level":"info","message":"http","reqId":27,"method":"GET","path":"/summary","status":200,"ms":28}
{"ts":"2026-05-11T16:42:00.296Z","level":"info","message":"http","reqId":26,"method":"GET","path":"/summary","status":200,"ms":32}
{"ts":"2026-05-11T16:42:01.715Z","level":"info","message":"http","reqId":28,"method":"GET","path":"/summary","status":200,"ms":20}
{"ts":"2026-05-11T16:42:01.720Z","level":"info","message":"http","reqId":29,"method":"GET","path":"/summary","status":200,"ms":25}
{"ts":"2026-05-11T16:42:03.139Z","level":"info","message":"http","reqId":30,"method":"GET","path":"/panel/acuses","status":200,"ms":39}
{"ts":"2026-05-11T17:29:01.365Z","level":"info","message":"http","reqId":31,"method":"GET","path":"/dashboard-Acuses.html","status":304,"ms":2}
{"ts":"2026-05-11T17:29:01.390Z","level":"info","message":"http","reqId":32,"method":"GET","path":"/ui-protection.js","status":304,"ms":1}
{"ts":"2026-05-11T17:29:01.392Z","level":"info","message":"http","reqId":33,"method":"GET","path":"/date-picker-pro.css","status":304,"ms":1}
{"ts":"2026-05-11T17:29:01.395Z","level":"info","message":"http","reqId":34,"method":"GET","path":"/dashboard-acuses.css","status":304,"ms":2}
{"ts":"2026-05-11T17:29:01.397Z","level":"info","message":"http","reqId":35,"method":"GET","path":"/acuse-api.js","status":304,"ms":2}
{"ts":"2026-05-11T17:29:01.398Z","level":"info","message":"http","reqId":36,"method":"GET","path":"/shared/alas-shared.js","status":304,"ms":3}
{"ts":"2026-05-11T17:29:01.399Z","level":"info","message":"http","reqId":37,"method":"GET","path":"/storage-utils.js","status":304,"ms":3}
{"ts":"2026-05-11T17:29:01.402Z","level":"info","message":"http","reqId":40,"method":"GET","path":"/dashboard-mobile.js","status":304,"ms":5}
{"ts":"2026-05-11T17:29:01.402Z","level":"info","message":"http","reqId":38,"method":"GET","path":"/date-picker-pro.js","status":304,"ms":6}
{"ts":"2026-05-11T17:29:01.405Z","level":"info","message":"http","reqId":39,"method":"GET","path":"/dashboard-acuses.js","status":200,"ms":8}
{"ts":"2026-05-11T17:29:01.690Z","level":"info","message":"http","reqId":45,"method":"GET","path":"/img/alas_logo.png","status":304,"ms":1}
{"ts":"2026-05-11T17:29:01.692Z","level":"info","message":"http","reqId":41,"method":"GET","path":"/api/repartidores","status":200,"ms":7}
{"ts":"2026-05-11T17:29:01.714Z","level":"info","message":"http","reqId":42,"method":"GET","path":"/summary","status":200,"ms":28}
{"ts":"2026-05-11T17:29:01.725Z","level":"info","message":"http","reqId":43,"method":"GET","path":"/summary","status":200,"ms":39}
{"ts":"2026-05-11T17:29:01.731Z","level":"info","message":"http","reqId":44,"method":"GET","path":"/summary","status":200,"ms":43}
{"ts":"2026-05-11T17:29:02.099Z","level":"info","message":"http","reqId":46,"method":"GET","path":"/panel/acuses","status":200,"ms":38}
{"ts":"2026-05-11T17:29:02.165Z","level":"info","message":"http","reqId":47,"method":"GET","path":"/calendar","status":200,"ms":2}
{"ts":"2026-05-11T17:29:04.229Z","level":"info","message":"http","reqId":48,"method":"GET","path":"/api/auditoria","status":200,"ms":38}
{"ts":"2026-05-11T17:29:04.267Z","level":"info","message":"http","reqId":49,"method":"GET","path":"/api/auditoria","status":200,"ms":35}
{"ts":"2026-05-11T17:29:31.274Z","level":"info","message":"http","reqId":50,"method":"GET","path":"/panel/acuses","status":200,"ms":32}
{"ts":"2026-05-11T17:29:32.782Z","level":"info","message":"http","reqId":51,"method":"GET","path":"/panel/anulados","status":200,"ms":34}
{"ts":"2026-05-11T17:29:33.301Z","level":"info","message":"http","reqId":52,"method":"GET","path":"/panel/entregados","status":200,"ms":41}
{"ts":"2026-05-11T17:29:33.791Z","level":"info","message":"http","reqId":53,"method":"GET","path":"/panel/en_transito","status":200,"ms":34}
{"ts":"2026-05-11T17:29:34.256Z","level":"info","message":"http","reqId":54,"method":"GET","path":"/panel/pendientes","status":200,"ms":36}
{"ts":"2026-05-11T17:29:37.540Z","level":"info","message":"http","reqId":55,"method":"GET","path":"/panel/en_transito","status":200,"ms":32}
{"ts":"2026-05-11T17:29:42.101Z","level":"info","message":"http","reqId":56,"method":"GET","path":"/panel/entregados","status":200,"ms":33}
{"ts":"2026-05-11T17:29:42.984Z","level":"info","message":"http","reqId":57,"method":"GET","path":"/panel/en_transito","status":200,"ms":36}
{"ts":"2026-05-11T17:29:43.570Z","level":"info","message":"http","reqId":58,"method":"GET","path":"/panel/anulados","status":200,"ms":38}
{"ts":"2026-05-11T17:29:44.050Z","level":"info","message":"http","reqId":59,"method":"GET","path":"/panel/acuses","status":200,"ms":38}
{"ts":"2026-05-11T17:29:45.007Z","level":"info","message":"http","reqId":60,"method":"GET","path":"/panel/pendientes","status":200,"ms":43}
{"ts":"2026-05-11T17:29:46.099Z","level":"info","message":"http","reqId":61,"method":"GET","path":"/panel/acuses","status":200,"ms":39}
{"ts":"2026-05-11T17:29:49.092Z","level":"info","message":"http","reqId":62,"method":"GET","path":"/panel/pendientes","status":200,"ms":32}
{"ts":"2026-05-11T17:29:51.425Z","level":"info","message":"http","reqId":63,"method":"GET","path":"/acuses.html","status":200,"ms":2}
{"ts":"2026-05-11T17:29:51.435Z","level":"info","message":"http","reqId":64,"method":"GET","path":"/ui-protection.js","status":304,"ms":1}
{"ts":"2026-05-11T17:29:51.437Z","level":"info","message":"http","reqId":66,"method":"GET","path":"/fontawesome-free/css/all.min.css","status":304,"ms":1}
{"ts":"2026-05-11T17:29:51.438Z","level":"info","message":"http","reqId":68,"method":"GET","path":"/date-picker-pro.css","status":304,"ms":1}
{"ts":"2026-05-11T17:29:51.439Z","level":"info","message":"http","reqId":69,"method":"GET","path":"/img/alas_logo.png","status":304,"ms":1}
{"ts":"2026-05-11T17:29:51.441Z","level":"info","message":"http","reqId":67,"method":"GET","path":"/alas-layout.js","status":200,"ms":4}
{"ts":"2026-05-11T17:29:51.442Z","level":"info","message":"http","reqId":65,"method":"GET","path":"/alas-theme.css","status":200,"ms":6}
{"ts":"2026-05-11T17:29:51.548Z","level":"info","message":"http","reqId":72,"method":"GET","path":"/shared/alas-shared.js","status":304,"ms":0}
{"ts":"2026-05-11T17:29:51.549Z","level":"info","message":"http","reqId":73,"method":"GET","path":"/storage-utils.js","status":304,"ms":1}
{"ts":"2026-05-11T17:29:51.551Z","level":"info","message":"http","reqId":74,"method":"GET","path":"/date-picker-pro.js","status":304,"ms":2}
{"ts":"2026-05-11T17:29:51.553Z","level":"info","message":"http","reqId":70,"method":"GET","path":"/acuse-api.js","status":200,"ms":6}
{"ts":"2026-05-11T17:29:51.555Z","level":"info","message":"http","reqId":71,"method":"GET","path":"/acuses-api.js","status":200,"ms":8}
{"ts":"2026-05-11T17:29:51.794Z","level":"info","message":"http","reqId":75,"method":"GET","path":"/api/dashboard/resumen","status":200,"ms":10}
{"ts":"2026-05-11T17:29:52.716Z","level":"info","message":"http","reqId":77,"method":"GET","path":"/api/articulos","status":200,"ms":13}
{"ts":"2026-05-11T17:29:52.723Z","level":"info","message":"http","reqId":76,"method":"GET","path":"/api/clientes","status":200,"ms":21}
{"ts":"2026-05-11T17:29:53.484Z","level":"info","message":"http","reqId":78,"method":"GET","path":"/api/acuses","status":200,"ms":48}
{"ts":"2026-05-11T17:29:54.538Z","level":"info","message":"http","reqId":79,"method":"GET","path":"/fontawesome-free/webfonts/fa-solid-900.woff2","status":304,"ms":2}
{"ts":"2026-05-11T17:30:00.264Z","level":"info","message":"http","reqId":80,"method":"GET","path":"/acuses.html","status":304,"ms":0}
{"ts":"2026-05-11T17:30:00.278Z","level":"info","message":"http","reqId":81,"method":"GET","path":"/ui-protection.js","status":304,"ms":1}
{"ts":"2026-05-11T17:30:00.279Z","level":"info","message":"http","reqId":82,"method":"GET","path":"/fontawesome-free/css/all.min.css","status":304,"ms":1}
{"ts":"2026-05-11T17:30:00.281Z","level":"info","message":"http","reqId":83,"method":"GET","path":"/alas-theme.css","status":304,"ms":2}
{"ts":"2026-05-11T17:30:00.281Z","level":"info","message":"http","reqId":84,"method":"GET","path":"/date-picker-pro.css","status":304,"ms":1}
{"ts":"2026-05-11T17:30:00.282Z","level":"info","message":"http","reqId":85,"method":"GET","path":"/img/alas_logo.png","status":304,"ms":2}
{"ts":"2026-05-11T17:30:00.282Z","level":"info","message":"http","reqId":86,"method":"GET","path":"/alas-layout.js","status":304,"ms":2}
{"ts":"2026-05-11T17:30:00.315Z","level":"info","message":"http","reqId":87,"method":"GET","path":"/acuse-api.js","status":304,"ms":1}
{"ts":"2026-05-11T17:30:00.316Z","level":"info","message":"http","reqId":88,"method":"GET","path":"/shared/alas-shared.js","status":304,"ms":2}
{"ts":"2026-05-11T17:30:00.317Z","level":"info","message":"http","reqId":89,"method":"GET","path":"/storage-utils.js","status":304,"ms":3}
{"ts":"2026-05-11T17:30:00.317Z","level":"info","message":"http","reqId":90,"method":"GET","path":"/date-picker-pro.js","status":304,"ms":3}
{"ts":"2026-05-11T17:30:00.318Z","level":"info","message":"http","reqId":91,"method":"GET","path":"/acuses-api.js","status":304,"ms":3}
{"ts":"2026-05-11T17:30:00.477Z","level":"info","message":"http","reqId":92,"method":"GET","path":"/api/dashboard/resumen","status":200,"ms":6}
{"ts":"2026-05-11T17:30:00.539Z","level":"info","message":"http","reqId":93,"method":"GET","path":"/api/acuses","status":200,"ms":64}
{"ts":"2026-05-11T17:30:01.171Z","level":"info","message":"http","reqId":94,"method":"GET","path":"/fontawesome-free/webfonts/fa-solid-900.woff2","status":304,"ms":0}
{"ts":"2026-05-11T17:41:27.127Z","level":"info","message":"http","reqId":95,"method":"GET","path":"/panel/en_transito","status":200,"ms":45}
{"ts":"2026-05-11T17:41:27.535Z","level":"info","message":"http","reqId":96,"method":"GET","path":"/panel/entregados","status":200,"ms":46}
{"ts":"2026-05-11T17:41:28.061Z","level":"info","message":"http","reqId":97,"method":"GET","path":"/panel/anulados","status":200,"ms":36}
{"ts":"2026-05-11T17:41:28.577Z","level":"info","message":"http","reqId":98,"method":"GET","path":"/panel/acuses","status":200,"ms":40}
{"ts":"2026-05-11T18:07:14.480Z","level":"info","message":"http","reqId":99,"method":"GET","path":"/dashboard-Acuses.html","status":304,"ms":3}
{"ts":"2026-05-11T18:07:14.510Z","level":"info","message":"http","reqId":100,"method":"GET","path":"/ui-protection.js","status":304,"ms":2}
{"ts":"2026-05-11T18:07:14.512Z","level":"info","message":"http","reqId":101,"method":"GET","path":"/date-picker-pro.css","status":304,"ms":1}
{"ts":"2026-05-11T18:07:14.515Z","level":"info","message":"http","reqId":102,"method":"GET","path":"/dashboard-acuses.css","status":304,"ms":2}
{"ts":"2026-05-11T18:07:14.517Z","level":"info","message":"http","reqId":103,"method":"GET","path":"/acuse-api.js","status":304,"ms":2}
{"ts":"2026-05-11T18:07:14.519Z","level":"info","message":"http","reqId":104,"method":"GET","path":"/shared/alas-shared.js","status":304,"ms":3}
{"ts":"2026-05-11T18:07:14.520Z","level":"info","message":"http","reqId":105,"method":"GET","path":"/storage-utils.js","status":304,"ms":2}
{"ts":"2026-05-11T18:07:14.520Z","level":"info","message":"http","reqId":107,"method":"GET","path":"/dashboard-mobile.js","status":304,"ms":1}
{"ts":"2026-05-11T18:07:14.521Z","level":"info","message":"http","reqId":106,"method":"GET","path":"/date-picker-pro.js","status":304,"ms":2}
{"ts":"2026-05-11T18:07:14.525Z","level":"info","message":"http","reqId":108,"method":"GET","path":"/dashboard-acuses.js","status":200,"ms":6}
{"ts":"2026-05-11T18:07:14.796Z","level":"info","message":"http","reqId":112,"method":"GET","path":"/img/alas_logo.png","status":304,"ms":0}
{"ts":"2026-05-11T18:07:14.819Z","level":"info","message":"http","reqId":109,"method":"GET","path":"/summary","status":200,"ms":25}
{"ts":"2026-05-11T18:07:14.824Z","level":"info","message":"http","reqId":110,"method":"GET","path":"/summary","status":200,"ms":29}
{"ts":"2026-05-11T18:07:14.829Z","level":"info","message":"http","reqId":111,"method":"GET","path":"/summary","status":200,"ms":34}
{"ts":"2026-05-11T18:07:15.175Z","level":"info","message":"http","reqId":113,"method":"GET","path":"/panel/acuses","status":200,"ms":34}
{"ts":"2026-05-11T18:07:15.204Z","level":"info","message":"http","reqId":114,"method":"GET","path":"/calendar","status":200,"ms":1}
{"ts":"2026-05-11T18:07:17.377Z","level":"info","message":"http","reqId":115,"method":"GET","path":"/panel/anulados","status":200,"ms":34}
{"ts":"2026-05-11T18:07:17.730Z","level":"info","message":"http","reqId":116,"method":"GET","path":"/panel/entregados","status":200,"ms":35}
{"ts":"2026-05-11T18:07:18.193Z","level":"info","message":"http","reqId":117,"method":"GET","path":"/panel/en_transito","status":200,"ms":58}
{"ts":"2026-05-11T18:07:18.544Z","level":"info","message":"http","reqId":118,"method":"GET","path":"/panel/pendientes","status":200,"ms":40}
{"ts":"2026-05-11T18:07:19.312Z","level":"info","message":"http","reqId":119,"method":"GET","path":"/panel/acuses","status":200,"ms":33}
{"ts":"2026-05-11T18:07:30.168Z","level":"info","message":"http","reqId":120,"method":"GET","path":"/panel/acuses","status":200,"ms":41}
{"ts":"2026-05-11T18:07:32.896Z","level":"info","message":"http","reqId":121,"method":"GET","path":"/panel/acuses","status":200,"ms":41}
{"ts":"2026-05-11T18:07:34.200Z","level":"info","message":"http","reqId":122,"method":"GET","path":"/panel/acuses","status":200,"ms":33}
{"ts":"2026-05-11T19:26:23.928Z","level":"info","message":"http","reqId":123,"method":"GET","path":"/dashboard-Acuses.html","status":304,"ms":2}
{"ts":"2026-05-11T19:26:23.946Z","level":"info","message":"http","reqId":124,"method":"GET","path":"/ui-protection.js","status":304,"ms":1}
{"ts":"2026-05-11T19:26:23.950Z","level":"info","message":"http","reqId":125,"method":"GET","path":"/date-picker-pro.css","status":304,"ms":5}
{"ts":"2026-05-11T19:26:23.958Z","level":"info","message":"http","reqId":127,"method":"GET","path":"/acuse-api.js","status":304,"ms":5}
{"ts":"2026-05-11T19:26:23.959Z","level":"info","message":"http","reqId":128,"method":"GET","path":"/storage-utils.js","status":304,"ms":6}
{"ts":"2026-05-11T19:26:23.959Z","level":"info","message":"http","reqId":129,"method":"GET","path":"/shared/alas-shared.js","status":304,"ms":4}
{"ts":"2026-05-11T19:26:23.962Z","level":"info","message":"http","reqId":130,"method":"GET","path":"/dashboard-mobile.js","status":304,"ms":7}
{"ts":"2026-05-11T19:26:23.965Z","level":"info","message":"http","reqId":131,"method":"GET","path":"/date-picker-pro.js","status":304,"ms":3}
{"ts":"2026-05-11T19:26:23.968Z","level":"info","message":"http","reqId":126,"method":"GET","path":"/dashboard-acuses.css","status":200,"ms":15}
{"ts":"2026-05-11T19:26:23.971Z","level":"info","message":"http","reqId":132,"method":"GET","path":"/dashboard-acuses.js","status":200,"ms":6}
{"ts":"2026-05-11T19:26:24.241Z","level":"info","message":"http","reqId":136,"method":"GET","path":"/img/alas_logo.png","status":304,"ms":0}
{"ts":"2026-05-11T19:26:27.196Z","level":"info","message":"http","reqId":138,"method":"GET","path":"/panel/entregados","status":200,"ms":50}
{"ts":"2026-05-11T19:26:29.615Z","level":"info","message":"http","reqId":139,"method":"GET","path":"/panel/acuses","status":200,"ms":37}
{"ts":"2026-05-11T19:26:31.623Z","level":"info","message":"http","reqId":140,"method":"GET","path":"/panel/pendientes","status":200,"ms":68}
{"ts":"2026-05-11T19:26:33.355Z","level":"info","message":"http","reqId":141,"method":"GET","path":"/panel/entregados","status":200,"ms":33}
{"ts":"2026-05-11T19:26:36.648Z","level":"info","message":"http","reqId":143,"method":"GET","path":"/panel/en_transito","status":200,"ms":41}
{"ts":"2026-05-11T19:26:38.744Z","level":"info","message":"http","reqId":144,"method":"GET","path":"/dashboard-Acuses.html","status":304,"ms":1}
{"ts":"2026-05-11T19:26:38.763Z","level":"info","message":"http","reqId":145,"method":"GET","path":"/ui-protection.js","status":304,"ms":1}
{"ts":"2026-05-11T19:26:38.766Z","level":"info","message":"http","reqId":146,"method":"GET","path":"/date-picker-pro.css","status":304,"ms":3}
{"ts":"2026-05-11T19:26:38.767Z","level":"info","message":"http","reqId":147,"method":"GET","path":"/dashboard-acuses.css","status":304,"ms":2}
{"ts":"2026-05-11T19:26:38.768Z","level":"info","message":"http","reqId":148,"method":"GET","path":"/acuse-api.js","status":304,"ms":3}
{"ts":"2026-05-11T19:26:38.769Z","level":"info","message":"http","reqId":149,"method":"GET","path":"/shared/alas-shared.js","status":304,"ms":2}
{"ts":"2026-05-11T19:26:38.771Z","level":"info","message":"http","reqId":150,"method":"GET","path":"/storage-utils.js","status":304,"ms":2}
{"ts":"2026-05-11T19:26:38.771Z","level":"info","message":"http","reqId":151,"method":"GET","path":"/dashboard-acuses.js","status":304,"ms":1}
{"ts":"2026-05-11T19:26:38.772Z","level":"info","message":"http","reqId":152,"method":"GET","path":"/dashboard-mobile.js","status":304,"ms":2}
{"ts":"2026-05-11T19:26:38.773Z","level":"info","message":"http","reqId":153,"method":"GET","path":"/date-picker-pro.js","status":304,"ms":3}
{"ts":"2026-05-11T19:26:38.866Z","level":"info","message":"http","reqId":157,"method":"GET","path":"/img/alas_logo.png","status":304,"ms":1}
{"ts":"2026-05-11T19:26:38.902Z","level":"info","message":"http","reqId":155,"method":"GET","path":"/summary","status":200,"ms":42}
{"ts":"2026-05-11T19:26:38.905Z","level":"info","message":"http","reqId":154,"method":"GET","path":"/summary","status":200,"ms":45}
{"ts":"2026-05-11T19:26:38.911Z","level":"info","message":"http","reqId":156,"method":"GET","path":"/summary","status":200,"ms":50}
{"ts":"2026-05-11T19:26:39.036Z","level":"info","message":"http","reqId":158,"method":"GET","path":"/panel/entregados","status":200,"ms":54}
{"ts":"2026-05-11T19:26:39.070Z","level":"info","message":"http","reqId":159,"method":"GET","path":"/calendar","status":200,"ms":2}
{"ts":"2026-05-11T19:26:42.537Z","level":"info","message":"http","reqId":160,"method":"GET","path":"/panel/pendientes","status":200,"ms":54}
{"ts":"2026-05-11T19:27:11.300Z","level":"info","message":"http","reqId":161,"method":"GET","path":"/","status":304,"ms":1}
{"ts":"2026-05-11T19:27:11.447Z","level":"info","message":"http","reqId":162,"method":"GET","path":"/dashboard-Acuses.html","status":200,"ms":3}
{"ts":"2026-05-11T19:27:11.471Z","level":"info","message":"http","reqId":163,"method":"GET","path":"/ui-protection.js","status":304,"ms":0}
{"ts":"2026-05-11T19:27:11.480Z","level":"info","message":"http","reqId":164,"method":"GET","path":"/date-picker-pro.css","status":200,"ms":4}
{"ts":"2026-05-11T19:27:11.481Z","level":"info","message":"http","reqId":165,"method":"GET","path":"/dashboard-acuses.css","status":200,"ms":5}
{"ts":"2026-05-11T19:27:11.484Z","level":"info","message":"http","reqId":167,"method":"GET","path":"/acuse-api.js","status":200,"ms":5}
{"ts":"2026-05-11T19:27:11.484Z","level":"info","message":"http","reqId":168,"method":"GET","path":"/shared/alas-shared.js","status":200,"ms":5}
{"ts":"2026-05-11T19:27:11.485Z","level":"info","message":"http","reqId":169,"method":"GET","path":"/storage-utils.js","status":200,"ms":6}
{"ts":"2026-05-11T19:27:11.486Z","level":"info","message":"http","reqId":171,"method":"GET","path":"/date-picker-pro.js","status":304,"ms":3}
{"ts":"2026-05-11T19:27:11.486Z","level":"info","message":"http","reqId":166,"method":"GET","path":"/dashboard-acuses.js","status":200,"ms":7}
{"ts":"2026-05-11T19:27:11.490Z","level":"info","message":"http","reqId":170,"method":"GET","path":"/dashboard-mobile.js","status":200,"ms":8}
{"ts":"2026-05-11T19:27:12.159Z","level":"info","message":"http","reqId":172,"method":"GET","path":"/img/alas_logo.png","status":304,"ms":0}
{"ts":"2026-05-11T19:27:12.209Z","level":"info","message":"http","reqId":174,"method":"GET","path":"/api/repartidores","status":304,"ms":4}
{"ts":"2026-05-11T19:27:12.231Z","level":"info","message":"http","reqId":173,"method":"GET","path":"/summary","status":200,"ms":27}
{"ts":"2026-05-11T19:27:12.235Z","level":"info","message":"http","reqId":175,"method":"GET","path":"/summary","status":200,"ms":30}
{"ts":"2026-05-11T19:27:12.241Z","level":"info","message":"http","reqId":176,"method":"GET","path":"/summary","status":200,"ms":35}
{"ts":"2026-05-11T19:27:12.300Z","level":"info","message":"http","reqId":177,"method":"GET","path":"/panel/acuses","status":200,"ms":54}
{"ts":"2026-05-11T19:27:12.308Z","level":"info","message":"http","reqId":179,"method":"GET","path":"/calendar","status":200,"ms":1}
{"ts":"2026-05-11T19:27:14.741Z","level":"info","message":"http","reqId":180,"method":"GET","path":"/panel/pendientes","status":200,"ms":34}
{"ts":"2026-05-11T19:27:24.136Z","level":"info","message":"http","reqId":181,"method":"GET","path":"/panel/en_transito","status":200,"ms":35}
{"ts":"2026-05-11T19:27:24.433Z","level":"info","message":"http","reqId":182,"method":"GET","path":"/panel/entregados","status":200,"ms":45}
{"ts":"2026-05-11T19:27:24.795Z","level":"info","message":"http","reqId":183,"method":"GET","path":"/panel/anulados","status":200,"ms":40}
{"ts":"2026-05-11T19:27:25.091Z","level":"info","message":"http","reqId":184,"method":"GET","path":"/panel/anulados","status":200,"ms":40}
{"ts":"2026-05-11T19:27:25.548Z","level":"info","message":"http","reqId":185,"method":"GET","path":"/panel/acuses","status":200,"ms":32}
{"ts":"2026-05-11T19:27:28.354Z","level":"info","message":"http","reqId":186,"method":"GET","path":"/panel/pendientes","status":200,"ms":38}
{"ts":"2026-05-11T19:27:37.233Z","level":"info","message":"http","reqId":187,"method":"GET","path":"/dashboard-Acuses.html","status":304,"ms":1}
{"ts":"2026-05-11T19:27:37.248Z","level":"info","message":"http","reqId":188,"method":"GET","path":"/ui-protection.js","status":304,"ms":0}
{"ts":"2026-05-11T19:27:37.251Z","level":"info","message":"http","reqId":189,"method":"GET","path":"/date-picker-pro.css","status":304,"ms":1}
{"ts":"2026-05-11T19:27:37.252Z","level":"info","message":"http","reqId":190,"method":"GET","path":"/dashboard-acuses.css","status":304,"ms":1}
{"ts":"2026-05-11T19:27:37.254Z","level":"info","message":"http","reqId":191,"method":"GET","path":"/storage-utils.js","status":304,"ms":1}
{"ts":"2026-05-11T19:27:37.255Z","level":"info","message":"http","reqId":192,"method":"GET","path":"/acuse-api.js","status":304,"ms":2}
{"ts":"2026-05-11T19:27:37.255Z","level":"info","message":"http","reqId":193,"method":"GET","path":"/shared/alas-shared.js","status":304,"ms":1}
{"ts":"2026-05-11T19:27:37.257Z","level":"info","message":"http","reqId":194,"method":"GET","path":"/date-picker-pro.js","status":304,"ms":3}
{"ts":"2026-05-11T19:27:37.257Z","level":"info","message":"http","reqId":195,"method":"GET","path":"/dashboard-acuses.js","status":304,"ms":1}
{"ts":"2026-05-11T19:27:37.258Z","level":"info","message":"http","reqId":196,"method":"GET","path":"/dashboard-mobile.js","status":304,"ms":2}
{"ts":"2026-05-11T19:27:37.309Z","level":"info","message":"http","reqId":198,"method":"GET","path":"/summary","status":200,"ms":23}
{"ts":"2026-05-11T19:27:37.312Z","level":"info","message":"http","reqId":197,"method":"GET","path":"/summary","status":200,"ms":26}
{"ts":"2026-05-11T19:27:37.316Z","level":"info","message":"http","reqId":199,"method":"GET","path":"/summary","status":200,"ms":30}
{"ts":"2026-05-11T19:27:37.351Z","level":"info","message":"http","reqId":200,"method":"GET","path":"/panel/pendientes","status":200,"ms":32}
{"ts":"2026-05-11T19:27:37.356Z","level":"info","message":"http","reqId":201,"method":"GET","path":"/calendar","status":200,"ms":1}
{"ts":"2026-05-11T19:46:04.473Z","level":"info","message":"http","reqId":202,"method":"GET","path":"/dashboard-Acuses.html","status":200,"ms":2}
{"ts":"2026-05-11T19:46:04.490Z","level":"info","message":"http","reqId":203,"method":"GET","path":"/ui-protection.js","status":304,"ms":0}
{"ts":"2026-05-11T19:46:04.492Z","level":"info","message":"http","reqId":205,"method":"GET","path":"/date-picker-pro.css","status":304,"ms":1}
{"ts":"2026-05-11T19:46:04.493Z","level":"info","message":"http","reqId":204,"method":"GET","path":"/dashboard-acuses.css","status":200,"ms":3}
{"ts":"2026-05-11T19:46:04.495Z","level":"info","message":"http","reqId":207,"method":"GET","path":"/acuse-api.js","status":304,"ms":1}
{"ts":"2026-05-11T19:46:04.496Z","level":"info","message":"http","reqId":208,"method":"GET","path":"/shared/alas-shared.js","status":304,"ms":2}
{"ts":"2026-05-11T19:46:04.497Z","level":"info","message":"http","reqId":209,"method":"GET","path":"/storage-utils.js","status":304,"ms":3}
{"ts":"2026-05-11T19:46:04.499Z","level":"info","message":"http","reqId":210,"method":"GET","path":"/date-picker-pro.js","status":304,"ms":3}
{"ts":"2026-05-11T19:46:04.500Z","level":"info","message":"http","reqId":211,"method":"GET","path":"/dashboard-mobile.js","status":304,"ms":2}
{"ts":"2026-05-11T19:46:04.501Z","level":"info","message":"http","reqId":206,"method":"GET","path":"/dashboard-acuses.js","status":200,"ms":9}
{"ts":"2026-05-11T19:46:04.513Z","level":"info","message":"http","reqId":212,"method":"GET","path":"/img/alas_logo.png","status":304,"ms":0}
{"ts":"2026-05-11T19:46:04.549Z","level":"info","message":"http","reqId":213,"method":"GET","path":"/summary","status":200,"ms":24}
{"ts":"2026-05-11T19:46:04.554Z","level":"info","message":"http","reqId":214,"method":"GET","path":"/summary","status":200,"ms":27}
{"ts":"2026-05-11T19:46:04.558Z","level":"info","message":"http","reqId":215,"method":"GET","path":"/summary","status":200,"ms":30}
{"ts":"2026-05-11T19:46:04.597Z","level":"info","message":"http","reqId":216,"method":"GET","path":"/panel/pendientes","status":200,"ms":35}
{"ts":"2026-05-11T19:46:04.632Z","level":"info","message":"http","reqId":217,"method":"GET","path":"/panel/pendientes","status":200,"ms":33}
{"ts":"2026-05-11T19:46:04.668Z","level":"info","message":"http","reqId":218,"method":"GET","path":"/panel/pendientes","status":200,"ms":34}
{"ts":"2026-05-11T19:46:04.706Z","level":"info","message":"http","reqId":219,"method":"GET","path":"/panel/pendientes","status":200,"ms":36}
{"ts":"2026-05-11T19:46:04.742Z","level":"info","message":"http","reqId":220,"method":"GET","path":"/panel/pendientes","status":200,"ms":34}
{"ts":"2026-05-11T19:46:04.779Z","level":"info","message":"http","reqId":221,"method":"GET","path":"/panel/pendientes","status":200,"ms":35}
{"ts":"2026-05-11T19:46:04.817Z","level":"info","message":"http","reqId":222,"method":"GET","path":"/panel/pendientes","status":200,"ms":36}
{"ts":"2026-05-11T19:46:04.856Z","level":"info","message":"http","reqId":223,"method":"GET","path":"/panel/pendientes","status":200,"ms":37}
{"ts":"2026-05-11T19:46:04.892Z","level":"info","message":"http","reqId":224,"method":"GET","path":"/panel/pendientes","status":200,"ms":34}
{"ts":"2026-05-11T19:46:04.928Z","level":"info","message":"http","reqId":225,"method":"GET","path":"/panel/pendientes","status":200,"ms":33}
{"ts":"2026-05-11T19:46:04.941Z","level":"info","message":"http","reqId":226,"method":"GET","path":"/calendar","status":200,"ms":3}
{"ts":"2026-05-11T19:46:15.191Z","level":"info","message":"http","reqId":227,"method":"GET","path":"/panel/en_transito","status":200,"ms":34}
{"ts":"2026-05-11T19:46:16.947Z","level":"info","message":"http","reqId":228,"method":"GET","path":"/panel/pendientes","status":200,"ms":43}
{"ts":"2026-05-11T19:46:16.987Z","level":"info","message":"http","reqId":229,"method":"GET","path":"/panel/pendientes","status":200,"ms":38}
{"ts":"2026-05-11T19:46:17.028Z","level":"info","message":"http","reqId":230,"method":"GET","path":"/panel/pendientes","status":200,"ms":38}
{"ts":"2026-05-11T19:46:17.068Z","level":"info","message":"http","reqId":231,"method":"GET","path":"/panel/pendientes","status":200,"ms":38}
{"ts":"2026-05-11T19:46:17.108Z","level":"info","message":"http","reqId":232,"method":"GET","path":"/panel/pendientes","status":200,"ms":38}
{"ts":"2026-05-11T19:46:17.152Z","level":"info","message":"http","reqId":233,"method":"GET","path":"/panel/pendientes","status":200,"ms":41}
{"ts":"2026-05-11T19:46:17.192Z","level":"info","message":"http","reqId":234,"method":"GET","path":"/panel/pendientes","status":200,"ms":38}
{"ts":"2026-05-11T19:46:17.230Z","level":"info","message":"http","reqId":235,"method":"GET","path":"/panel/pendientes","status":200,"ms":35}
{"ts":"2026-05-11T19:46:17.264Z","level":"info","message":"http","reqId":236,"method":"GET","path":"/panel/pendientes","status":200,"ms":32}
{"ts":"2026-05-11T19:46:17.299Z","level":"info","message":"http","reqId":237,"method":"GET","path":"/panel/pendientes","status":200,"ms":33}
{"ts":"2026-05-11T19:46:18.501Z","level":"info","message":"http","reqId":238,"method":"GET","path":"/panel/entregados","status":200,"ms":35}
{"ts":"2026-05-11T19:46:18.539Z","level":"info","message":"http","reqId":239,"method":"GET","path":"/panel/entregados","status":200,"ms":36}
{"ts":"2026-05-11T19:46:18.577Z","level":"info","message":"http","reqId":240,"method":"GET","path":"/panel/entregados","status":200,"ms":36}
{"ts":"2026-05-11T19:46:19.587Z","level":"info","message":"http","reqId":241,"method":"GET","path":"/panel/anulados","status":200,"ms":34}
{"ts":"2026-05-11T19:46:19.622Z","level":"info","message":"http","reqId":242,"method":"GET","path":"/panel/anulados","status":200,"ms":33}
{"ts":"2026-05-11T19:46:20.323Z","level":"info","message":"http","reqId":243,"method":"GET","path":"/panel/acuses","status":200,"ms":34}
{"ts":"2026-05-11T19:46:20.367Z","level":"info","message":"http","reqId":244,"method":"GET","path":"/panel/acuses","status":200,"ms":41}
{"ts":"2026-05-11T19:46:20.403Z","level":"info","message":"http","reqId":245,"method":"GET","path":"/panel/acuses","status":200,"ms":34}
{"ts":"2026-05-11T19:46:20.438Z","level":"info","message":"http","reqId":246,"method":"GET","path":"/panel/acuses","status":200,"ms":32}
{"ts":"2026-05-11T19:46:20.473Z","level":"info","message":"http","reqId":247,"method":"GET","path":"/panel/acuses","status":200,"ms":33}
{"ts":"2026-05-11T19:46:20.508Z","level":"info","message":"http","reqId":248,"method":"GET","path":"/panel/acuses","status":200,"ms":33}
{"ts":"2026-05-11T19:46:20.544Z","level":"info","message":"http","reqId":249,"method":"GET","path":"/panel/acuses","status":200,"ms":33}
{"ts":"2026-05-11T19:46:20.579Z","level":"info","message":"http","reqId":250,"method":"GET","path":"/panel/acuses","status":200,"ms":33}
{"ts":"2026-05-11T19:46:20.614Z","level":"info","message":"http","reqId":251,"method":"GET","path":"/panel/acuses","status":200,"ms":33}
{"ts":"2026-05-11T19:46:20.649Z","level":"info","message":"http","reqId":252,"method":"GET","path":"/panel/acuses","status":200,"ms":33}
{"ts":"2026-05-11T19:46:20.684Z","level":"info","message":"http","reqId":253,"method":"GET","path":"/panel/acuses","status":200,"ms":33}
{"ts":"2026-05-11T19:46:20.719Z","level":"info","message":"http","reqId":254,"method":"GET","path":"/panel/acuses","status":200,"ms":33}
{"ts":"2026-05-11T19:46:20.754Z","level":"info","message":"http","reqId":255,"method":"GET","path":"/panel/acuses","status":200,"ms":33}
{"ts":"2026-05-11T19:46:20.791Z","level":"info","message":"http","reqId":256,"method":"GET","path":"/panel/acuses","status":200,"ms":35}
{"ts":"2026-05-11T19:48:06.072Z","level":"info","message":"http","reqId":257,"method":"GET","path":"/panel/pendientes","status":200,"ms":32}
{"ts":"2026-05-11T19:48:06.106Z","level":"info","message":"http","reqId":258,"method":"GET","path":"/panel/pendientes","status":200,"ms":32}
{"ts":"2026-05-11T19:48:06.142Z","level":"info","message":"http","reqId":259,"method":"GET","path":"/panel/pendientes","status":200,"ms":32}
{"ts":"2026-05-11T19:48:06.176Z","level":"info","message":"http","reqId":260,"method":"GET","path":"/panel/pendientes","status":200,"ms":32}
{"ts":"2026-05-11T19:48:06.211Z","level":"info","message":"http","reqId":261,"method":"GET","path":"/panel/pendientes","status":200,"ms":33}
{"ts":"2026-05-11T19:48:06.245Z","level":"info","message":"http","reqId":262,"method":"GET","path":"/panel/pendientes","status":200,"ms":32}
{"ts":"2026-05-11T19:48:06.279Z","level":"info","message":"http","reqId":263,"method":"GET","path":"/panel/pendientes","status":200,"ms":32}
{"ts":"2026-05-11T19:48:06.314Z","level":"info","message":"http","reqId":264,"method":"GET","path":"/panel/pendientes","status":200,"ms":33}
{"ts":"2026-05-11T19:48:06.350Z","level":"info","message":"http","reqId":265,"method":"GET","path":"/panel/pendientes","status":200,"ms":34}
{"ts":"2026-05-11T19:48:06.386Z","level":"info","message":"http","reqId":266,"method":"GET","path":"/panel/pendientes","status":200,"ms":34}
{"ts":"2026-05-12T10:59:45.909Z","level":"info","message":"http","reqId":267,"method":"GET","path":"/api/repartidores","status":200,"ms":20}
{"ts":"2026-05-12T10:59:45.941Z","level":"info","message":"http","reqId":269,"method":"GET","path":"/summary","status":200,"ms":42}
{"ts":"2026-05-12T10:59:45.948Z","level":"info","message":"http","reqId":270,"method":"GET","path":"/summary","status":200,"ms":47}
{"ts":"2026-05-12T10:59:45.956Z","level":"info","message":"http","reqId":268,"method":"GET","path":"/summary","status":200,"ms":61}
{"ts":"2026-05-12T10:59:46.022Z","level":"info","message":"http","reqId":271,"method":"GET","path":"/panel/pendientes","status":200,"ms":62}
{"ts":"2026-05-12T10:59:46.063Z","level":"info","message":"http","reqId":272,"method":"GET","path":"/panel/pendientes","status":200,"ms":39}
{"ts":"2026-05-12T10:59:46.105Z","level":"info","message":"http","reqId":273,"method":"GET","path":"/panel/pendientes","status":200,"ms":40}
{"ts":"2026-05-12T10:59:46.146Z","level":"info","message":"http","reqId":274,"method":"GET","path":"/panel/pendientes","status":200,"ms":39}
{"ts":"2026-05-12T10:59:46.187Z","level":"info","message":"http","reqId":275,"method":"GET","path":"/panel/pendientes","status":200,"ms":39}
{"ts":"2026-05-12T10:59:46.228Z","level":"info","message":"http","reqId":276,"method":"GET","path":"/panel/pendientes","status":200,"ms":39}
{"ts":"2026-05-12T10:59:46.269Z","level":"info","message":"http","reqId":277,"method":"GET","path":"/panel/pendientes","status":200,"ms":39}
{"ts":"2026-05-12T10:59:46.310Z","level":"info","message":"http","reqId":278,"method":"GET","path":"/panel/pendientes","status":200,"ms":38}
{"ts":"2026-05-12T10:59:46.351Z","level":"info","message":"http","reqId":279,"method":"GET","path":"/panel/pendientes","status":200,"ms":39}
{"ts":"2026-05-12T10:59:46.393Z","level":"info","message":"http","reqId":280,"method":"GET","path":"/panel/pendientes","status":200,"ms":40}
{"ts":"2026-05-12T10:59:46.406Z","level":"info","message":"http","reqId":281,"method":"GET","path":"/calendar","status":200,"ms":2}
{"ts":"2026-05-12T19:01:55.963Z","level":"info","message":"http","reqId":282,"method":"GET","path":"/api/health","status":200,"ms":40}
{"ts":"2026-05-12T19:02:17.476Z","level":"info","message":"http","reqId":283,"method":"GET","path":"/","status":200,"ms":41}
{"ts":"2026-05-12T19:02:17.479Z","level":"info","message":"http","reqId":284,"method":"GET","path":"/dashboard-Acuses.html","status":200,"ms":22}
{"ts":"2026-05-12T19:05:28.874Z","level":"info","message":"http","reqId":285,"method":"GET","path":"/","status":304,"ms":4}
{"ts":"2026-05-12T19:05:29.060Z","level":"info","message":"http","reqId":286,"method":"GET","path":"/ui-protection.js","status":304,"ms":5}
{"ts":"2026-05-12T19:05:29.404Z","level":"info","message":"http","reqId":287,"method":"GET","path":"/dashboard-Acuses.html","status":200,"ms":3}
{"ts":"2026-05-12T19:05:29.439Z","level":"info","message":"http","reqId":288,"method":"GET","path":"/ui-protection.js","status":304,"ms":6}
{"ts":"2026-05-12T19:05:29.450Z","level":"info","message":"http","reqId":291,"method":"GET","path":"/date-picker-pro.css","status":304,"ms":6}
{"ts":"2026-05-12T19:05:29.461Z","level":"info","message":"http","reqId":292,"method":"GET","path":"/acuse-api.js","status":304,"ms":12}
{"ts":"2026-05-12T19:05:29.461Z","level":"info","message":"http","reqId":289,"method":"GET","path":"/dashboard-acuses.css","status":200,"ms":24}
{"ts":"2026-05-12T19:05:29.463Z","level":"info","message":"http","reqId":294,"method":"GET","path":"/dashboard-mobile.js","status":304,"ms":13}
{"ts":"2026-05-12T19:05:29.464Z","level":"info","message":"http","reqId":293,"method":"GET","path":"/shared/alas-shared.js","status":304,"ms":14}
{"ts":"2026-05-12T19:05:29.466Z","level":"info","message":"http","reqId":295,"method":"GET","path":"/storage-utils.js","status":304,"ms":13}
{"ts":"2026-05-12T19:05:29.466Z","level":"info","message":"http","reqId":296,"method":"GET","path":"/date-picker-pro.js","status":304,"ms":2}
{"ts":"2026-05-12T19:05:29.467Z","level":"info","message":"http","reqId":290,"method":"GET","path":"/dashboard-acuses.js","status":200,"ms":25}
{"ts":"2026-05-12T19:05:29.720Z","level":"info","message":"http","reqId":297,"method":"GET","path":"/api/repartidores","status":200,"ms":88}
{"ts":"2026-05-12T19:05:29.722Z","level":"info","message":"http","reqId":301,"method":"GET","path":"/img/alas_logo.png","status":304,"ms":5}
{"ts":"2026-05-12T19:05:29.877Z","level":"info","message":"http","reqId":299,"method":"GET","path":"/summary","status":200,"ms":239}
{"ts":"2026-05-12T19:05:29.884Z","level":"info","message":"http","reqId":298,"method":"GET","path":"/summary","status":200,"ms":251}
{"ts":"2026-05-12T19:05:29.891Z","level":"info","message":"http","reqId":300,"method":"GET","path":"/summary","status":200,"ms":176}
{"ts":"2026-05-12T19:05:30.414Z","level":"info","message":"http","reqId":302,"method":"GET","path":"/panel/acuses","status":200,"ms":36}
{"ts":"2026-05-12T19:05:30.515Z","level":"info","message":"http","reqId":304,"method":"GET","path":"/panel/acuses","status":200,"ms":35}
{"ts":"2026-05-12T19:05:30.638Z","level":"info","message":"http","reqId":305,"method":"GET","path":"/panel/acuses","status":200,"ms":34}
{"ts":"2026-05-12T19:05:30.677Z","level":"info","message":"http","reqId":306,"method":"GET","path":"/panel/acuses","status":200,"ms":33}
{"ts":"2026-05-12T19:05:30.722Z","level":"info","message":"http","reqId":307,"method":"GET","path":"/panel/acuses","status":200,"ms":34}
{"ts":"2026-05-12T19:05:30.758Z","level":"info","message":"http","reqId":308,"method":"GET","path":"/panel/acuses","status":200,"ms":33}
{"ts":"2026-05-12T19:05:30.793Z","level":"info","message":"http","reqId":309,"method":"GET","path":"/panel/acuses","status":200,"ms":33}
{"ts":"2026-05-12T19:05:30.828Z","level":"info","message":"http","reqId":310,"method":"GET","path":"/panel/acuses","status":200,"ms":33}
{"ts":"2026-05-12T19:05:30.865Z","level":"info","message":"http","reqId":311,"method":"GET","path":"/panel/acuses","status":200,"ms":33}
{"ts":"2026-05-12T19:05:30.901Z","level":"info","message":"http","reqId":312,"method":"GET","path":"/panel/acuses","status":200,"ms":34}
{"ts":"2026-05-12T19:05:30.937Z","level":"info","message":"http","reqId":313,"method":"GET","path":"/panel/acuses","status":200,"ms":33}
{"ts":"2026-05-12T19:05:30.973Z","level":"info","message":"http","reqId":314,"method":"GET","path":"/panel/acuses","status":200,"ms":34}
{"ts":"2026-05-12T19:05:31.009Z","level":"info","message":"http","reqId":315,"method":"GET","path":"/panel/acuses","status":200,"ms":33}
{"ts":"2026-05-12T19:05:31.045Z","level":"info","message":"http","reqId":316,"method":"GET","path":"/panel/acuses","status":200,"ms":34}
{"ts":"2026-05-12T19:05:31.062Z","level":"info","message":"http","reqId":317,"method":"GET","path":"/calendar","status":200,"ms":2}
{"ts":"2026-05-12T19:45:56.479Z","level":"info","message":"http","reqId":318,"method":"GET","path":"/","status":304,"ms":2}
{"ts":"2026-05-12T19:45:56.600Z","level":"info","message":"http","reqId":319,"method":"GET","path":"/ui-protection.js","status":304,"ms":1}
{"ts":"2026-05-12T19:45:56.887Z","level":"info","message":"http","reqId":320,"method":"GET","path":"/dashboard-Acuses.html","status":200,"ms":4}
{"ts":"2026-05-12T19:45:56.902Z","level":"info","message":"http","reqId":321,"method":"GET","path":"/ui-protection.js","status":304,"ms":1}
{"ts":"2026-05-12T19:45:56.905Z","level":"info","message":"http","reqId":323,"method":"GET","path":"/date-picker-pro.css","status":304,"ms":0}
{"ts":"2026-05-12T19:45:56.906Z","level":"info","message":"http","reqId":322,"method":"GET","path":"/table-motion.css","status":200,"ms":3}
{"ts":"2026-05-12T19:45:56.909Z","level":"info","message":"http","reqId":325,"method":"GET","path":"/dashboard-acuses.css","status":304,"ms":1}
{"ts":"2026-05-12T19:45:56.911Z","level":"info","message":"http","reqId":326,"method":"GET","path":"/acuse-api.js","status":304,"ms":3}
{"ts":"2026-05-12T19:45:56.912Z","level":"info","message":"http","reqId":327,"method":"GET","path":"/storage-utils.js","status":304,"ms":0}
{"ts":"2026-05-12T19:45:56.914Z","level":"info","message":"http","reqId":328,"method":"GET","path":"/date-picker-pro.js","status":304,"ms":2}
{"ts":"2026-05-12T19:45:56.915Z","level":"info","message":"http","reqId":324,"method":"GET","path":"/shared/alas-shared.js","status":200,"ms":8}
{"ts":"2026-05-12T19:45:56.915Z","level":"info","message":"http","reqId":329,"method":"GET","path":"/dashboard-acuses.js","status":304,"ms":2}
{"ts":"2026-05-12T19:45:56.916Z","level":"info","message":"http","reqId":330,"method":"GET","path":"/dashboard-mobile.js","status":304,"ms":2}
{"ts":"2026-05-12T19:45:57.036Z","level":"info","message":"http","reqId":334,"method":"GET","path":"/img/alas_logo.png","status":304,"ms":1}
{"ts":"2026-05-12T19:45:57.064Z","level":"info","message":"http","reqId":332,"method":"GET","path":"/summary","status":200,"ms":31}
{"ts":"2026-05-12T19:45:57.070Z","level":"info","message":"http","reqId":333,"method":"GET","path":"/summary","status":200,"ms":36}
{"ts":"2026-05-12T19:45:57.077Z","level":"info","message":"http","reqId":331,"method":"GET","path":"/summary","status":200,"ms":44}
{"ts":"2026-05-12T19:45:57.458Z","level":"info","message":"http","reqId":335,"method":"GET","path":"/panel/acuses","status":200,"ms":33}
{"ts":"2026-05-12T19:45:57.521Z","level":"info","message":"http","reqId":336,"method":"GET","path":"/panel/acuses","status":200,"ms":33}
{"ts":"2026-05-12T19:45:57.648Z","level":"info","message":"http","reqId":337,"method":"GET","path":"/panel/acuses","status":200,"ms":42}
{"ts":"2026-05-12T19:45:57.720Z","level":"info","message":"http","reqId":338,"method":"GET","path":"/panel/acuses","status":200,"ms":34}
{"ts":"2026-05-12T19:45:57.754Z","level":"info","message":"http","reqId":339,"method":"GET","path":"/panel/acuses","status":200,"ms":32}
{"ts":"2026-05-12T19:45:57.788Z","level":"info","message":"http","reqId":340,"method":"GET","path":"/panel/acuses","status":200,"ms":32}
{"ts":"2026-05-12T19:45:57.822Z","level":"info","message":"http","reqId":341,"method":"GET","path":"/panel/acuses","status":200,"ms":31}
{"ts":"2026-05-12T19:45:57.856Z","level":"info","message":"http","reqId":342,"method":"GET","path":"/panel/acuses","status":200,"ms":31}
{"ts":"2026-05-12T19:45:57.890Z","level":"info","message":"http","reqId":343,"method":"GET","path":"/panel/acuses","status":200,"ms":32}
{"ts":"2026-05-12T19:45:57.924Z","level":"info","message":"http","reqId":344,"method":"GET","path":"/panel/acuses","status":200,"ms":31}
{"ts":"2026-05-12T19:45:57.958Z","level":"info","message":"http","reqId":345,"method":"GET","path":"/panel/acuses","status":200,"ms":32}
{"ts":"2026-05-12T19:45:57.993Z","level":"info","message":"http","reqId":346,"method":"GET","path":"/panel/acuses","status":200,"ms":33}
{"ts":"2026-05-12T19:45:58.028Z","level":"info","message":"http","reqId":347,"method":"GET","path":"/panel/acuses","status":200,"ms":33}
{"ts":"2026-05-12T19:45:58.068Z","level":"info","message":"http","reqId":348,"method":"GET","path":"/panel/acuses","status":200,"ms":38}
{"ts":"2026-05-12T19:45:58.164Z","level":"info","message":"http","reqId":349,"method":"GET","path":"/calendar","status":200,"ms":2}
{"ts":"2026-05-12T20:04:00.035Z","level":"info","message":"http","reqId":350,"method":"GET","path":"/dashboard-Acuses.html","status":304,"ms":1}
{"ts":"2026-05-12T20:04:00.059Z","level":"info","message":"http","reqId":351,"method":"GET","path":"/date-picker-pro.css","status":304,"ms":1}
{"ts":"2026-05-12T20:04:00.061Z","level":"info","message":"http","reqId":352,"method":"GET","path":"/ui-protection.js","status":304,"ms":3}
{"ts":"2026-05-12T20:04:00.063Z","level":"info","message":"http","reqId":353,"method":"GET","path":"/dashboard-acuses.css","status":304,"ms":2}
{"ts":"2026-05-12T20:04:00.064Z","level":"info","message":"http","reqId":355,"method":"GET","path":"/dashboard-acuses.js","status":304,"ms":1}
{"ts":"2026-05-12T20:04:00.065Z","level":"info","message":"http","reqId":356,"method":"GET","path":"/acuse-api.js","status":304,"ms":2}
{"ts":"2026-05-12T20:04:00.066Z","level":"info","message":"http","reqId":358,"method":"GET","path":"/storage-utils.js","status":304,"ms":1}
{"ts":"2026-05-12T20:04:00.067Z","level":"info","message":"http","reqId":354,"method":"GET","path":"/table-motion.css","status":200,"ms":4}
{"ts":"2026-05-12T20:04:00.068Z","level":"info","message":"http","reqId":359,"method":"GET","path":"/date-picker-pro.js","status":304,"ms":2}
{"ts":"2026-05-12T20:04:00.069Z","level":"info","message":"http","reqId":360,"method":"GET","path":"/dashboard-mobile.js","status":304,"ms":2}
{"ts":"2026-05-12T20:04:00.071Z","level":"info","message":"http","reqId":357,"method":"GET","path":"/shared/alas-shared.js","status":200,"ms":6}
{"ts":"2026-05-12T20:04:00.372Z","level":"info","message":"http","reqId":364,"method":"GET","path":"/img/alas_logo.png","status":304,"ms":1}
{"ts":"2026-05-12T20:04:00.399Z","level":"info","message":"http","reqId":362,"method":"GET","path":"/summary","status":200,"ms":29}
{"ts":"2026-05-12T20:04:00.401Z","level":"info","message":"http","reqId":361,"method":"GET","path":"/summary","status":200,"ms":32}
{"ts":"2026-05-12T20:04:00.412Z","level":"info","message":"http","reqId":363,"method":"GET","path":"/summary","status":200,"ms":41}
{"ts":"2026-05-12T20:04:00.822Z","level":"info","message":"http","reqId":365,"method":"GET","path":"/panel/acuses","status":200,"ms":47}
{"ts":"2026-05-12T20:04:00.898Z","level":"info","message":"http","reqId":366,"method":"GET","path":"/panel/acuses","status":200,"ms":34}
{"ts":"2026-05-12T20:04:01.010Z","level":"info","message":"http","reqId":367,"method":"GET","path":"/panel/acuses","status":200,"ms":57}
{"ts":"2026-05-12T20:04:01.073Z","level":"info","message":"http","reqId":368,"method":"GET","path":"/panel/acuses","status":200,"ms":38}
{"ts":"2026-05-12T20:04:01.110Z","level":"info","message":"http","reqId":369,"method":"GET","path":"/panel/acuses","status":200,"ms":34}
{"ts":"2026-05-12T20:04:01.146Z","level":"info","message":"http","reqId":370,"method":"GET","path":"/panel/acuses","status":200,"ms":34}
{"ts":"2026-05-12T20:04:01.181Z","level":"info","message":"http","reqId":371,"method":"GET","path":"/panel/acuses","status":200,"ms":33}
{"ts":"2026-05-12T20:04:01.225Z","level":"info","message":"http","reqId":372,"method":"GET","path":"/panel/acuses","status":200,"ms":42}
{"ts":"2026-05-12T20:04:01.263Z","level":"info","message":"http","reqId":373,"method":"GET","path":"/panel/acuses","status":200,"ms":36}
{"ts":"2026-05-12T20:04:01.302Z","level":"info","message":"http","reqId":374,"method":"GET","path":"/panel/acuses","status":200,"ms":37}
{"ts":"2026-05-12T20:04:01.340Z","level":"info","message":"http","reqId":375,"method":"GET","path":"/panel/acuses","status":200,"ms":36}
{"ts":"2026-05-12T20:04:01.388Z","level":"info","message":"http","reqId":376,"method":"GET","path":"/panel/acuses","status":200,"ms":45}
{"ts":"2026-05-12T20:04:01.428Z","level":"info","message":"http","reqId":377,"method":"GET","path":"/panel/acuses","status":200,"ms":37}
{"ts":"2026-05-12T20:04:01.469Z","level":"info","message":"http","reqId":378,"method":"GET","path":"/panel/acuses","status":200,"ms":39}
{"ts":"2026-05-12T20:04:01.483Z","level":"info","message":"http","reqId":379,"method":"GET","path":"/calendar","status":200,"ms":2}
{"ts":"2026-05-12T20:04:38.535Z","level":"info","message":"http","reqId":380,"method":"GET","path":"/panel/anulados","status":200,"ms":44}
{"ts":"2026-05-12T20:04:38.570Z","level":"info","message":"http","reqId":381,"method":"GET","path":"/panel/anulados","status":200,"ms":34}
{"ts":"2026-05-12T20:04:41.262Z","level":"info","message":"http","reqId":382,"method":"GET","path":"/panel/entregados","status":200,"ms":34}
{"ts":"2026-05-12T20:04:41.298Z","level":"info","message":"http","reqId":383,"method":"GET","path":"/panel/entregados","status":200,"ms":33}
{"ts":"2026-05-12T20:04:41.333Z","level":"info","message":"http","reqId":384,"method":"GET","path":"/panel/entregados","status":200,"ms":33}
{"ts":"2026-05-12T20:04:43.118Z","level":"info","message":"http","reqId":385,"method":"GET","path":"/panel/en_transito","status":200,"ms":49}
{"ts":"2026-05-12T20:04:45.823Z","level":"info","message":"http","reqId":386,"method":"GET","path":"/panel/pendientes","status":200,"ms":43}
{"ts":"2026-05-12T20:04:45.859Z","level":"info","message":"http","reqId":387,"method":"GET","path":"/panel/pendientes","status":200,"ms":34}
{"ts":"2026-05-12T20:04:45.894Z","level":"info","message":"http","reqId":388,"method":"GET","path":"/panel/pendientes","status":200,"ms":33}
{"ts":"2026-05-12T20:04:45.930Z","level":"info","message":"http","reqId":389,"method":"GET","path":"/panel/pendientes","status":200,"ms":34}
{"ts":"2026-05-12T20:04:45.965Z","level":"info","message":"http","reqId":390,"method":"GET","path":"/panel/pendientes","status":200,"ms":33}
{"ts":"2026-05-12T20:04:46.001Z","level":"info","message":"http","reqId":391,"method":"GET","path":"/panel/pendientes","status":200,"ms":34}
{"ts":"2026-05-12T20:04:46.037Z","level":"info","message":"http","reqId":392,"method":"GET","path":"/panel/pendientes","status":200,"ms":34}
{"ts":"2026-05-12T20:04:46.074Z","level":"info","message":"http","reqId":393,"method":"GET","path":"/panel/pendientes","status":200,"ms":34}
{"ts":"2026-05-12T20:04:46.109Z","level":"info","message":"http","reqId":394,"method":"GET","path":"/panel/pendientes","status":200,"ms":33}
{"ts":"2026-05-12T20:04:46.144Z","level":"info","message":"http","reqId":395,"method":"GET","path":"/panel/pendientes","status":200,"ms":33}
{"ts":"2026-05-12T20:04:53.017Z","level":"info","message":"http","reqId":396,"method":"GET","path":"/panel/acuses","status":200,"ms":33}
{"ts":"2026-05-12T20:04:53.051Z","level":"info","message":"http","reqId":397,"method":"GET","path":"/panel/acuses","status":200,"ms":32}
{"ts":"2026-05-12T20:04:53.086Z","level":"info","message":"http","reqId":398,"method":"GET","path":"/panel/acuses","status":200,"ms":32}
{"ts":"2026-05-12T20:04:53.121Z","level":"info","message":"http","reqId":399,"method":"GET","path":"/panel/acuses","status":200,"ms":32}
{"ts":"2026-05-12T20:04:53.156Z","level":"info","message":"http","reqId":400,"method":"GET","path":"/panel/acuses","status":200,"ms":32}
{"ts":"2026-05-12T20:04:53.190Z","level":"info","message":"http","reqId":401,"method":"GET","path":"/panel/acuses","status":200,"ms":32}
{"ts":"2026-05-12T20:04:53.224Z","level":"info","message":"http","reqId":402,"method":"GET","path":"/panel/acuses","status":200,"ms":32}
{"ts":"2026-05-12T20:04:53.258Z","level":"info","message":"http","reqId":403,"method":"GET","path":"/panel/acuses","status":200,"ms":32}
{"ts":"2026-05-12T20:04:53.292Z","level":"info","message":"http","reqId":404,"method":"GET","path":"/panel/acuses","status":200,"ms":32}
{"ts":"2026-05-12T20:04:53.326Z","level":"info","message":"http","reqId":405,"method":"GET","path":"/panel/acuses","status":200,"ms":32}
{"ts":"2026-05-12T20:04:53.360Z","level":"info","message":"http","reqId":406,"method":"GET","path":"/panel/acuses","status":200,"ms":32}
{"ts":"2026-05-12T20:04:53.395Z","level":"info","message":"http","reqId":407,"method":"GET","path":"/panel/acuses","status":200,"ms":33}
{"ts":"2026-05-12T20:04:53.430Z","level":"info","message":"http","reqId":408,"method":"GET","path":"/panel/acuses","status":200,"ms":33}
{"ts":"2026-05-12T20:04:53.464Z","level":"info","message":"http","reqId":409,"method":"GET","path":"/panel/acuses","status":200,"ms":32}
{"ts":"2026-05-12T20:04:54.160Z","level":"info","message":"http","reqId":410,"method":"GET","path":"/panel/anulados","status":200,"ms":33}
{"ts":"2026-05-12T20:04:54.194Z","level":"info","message":"http","reqId":411,"method":"GET","path":"/panel/anulados","status":200,"ms":32}
{"ts":"2026-05-12T20:04:54.443Z","level":"info","message":"http","reqId":412,"method":"GET","path":"/panel/entregados","status":200,"ms":38}
{"ts":"2026-05-12T20:04:54.477Z","level":"info","message":"http","reqId":413,"method":"GET","path":"/panel/entregados","status":200,"ms":32}
{"ts":"2026-05-12T20:04:54.511Z","level":"info","message":"http","reqId":414,"method":"GET","path":"/panel/entregados","status":200,"ms":32}
{"ts":"2026-05-12T20:04:54.772Z","level":"info","message":"http","reqId":415,"method":"GET","path":"/panel/en_transito","status":200,"ms":40}
{"ts":"2026-05-12T20:04:55.099Z","level":"info","message":"http","reqId":416,"method":"GET","path":"/panel/pendientes","status":200,"ms":39}
{"ts":"2026-05-12T20:04:55.133Z","level":"info","message":"http","reqId":417,"method":"GET","path":"/panel/pendientes","status":200,"ms":32}
{"ts":"2026-05-12T20:04:55.167Z","level":"info","message":"http","reqId":418,"method":"GET","path":"/panel/pendientes","status":200,"ms":32}
{"ts":"2026-05-12T20:04:55.202Z","level":"info","message":"http","reqId":419,"method":"GET","path":"/panel/pendientes","status":200,"ms":32}
{"ts":"2026-05-12T20:04:55.238Z","level":"info","message":"http","reqId":420,"method":"GET","path":"/panel/pendientes","status":200,"ms":32}
{"ts":"2026-05-12T20:04:55.272Z","level":"info","message":"http","reqId":421,"method":"GET","path":"/panel/pendientes","status":200,"ms":32}
{"ts":"2026-05-12T20:04:55.306Z","level":"info","message":"http","reqId":422,"method":"GET","path":"/panel/pendientes","status":200,"ms":32}
{"ts":"2026-05-12T20:04:55.341Z","level":"info","message":"http","reqId":423,"method":"GET","path":"/panel/pendientes","status":200,"ms":33}
{"ts":"2026-05-12T20:04:55.388Z","level":"info","message":"http","reqId":424,"method":"GET","path":"/panel/pendientes","status":200,"ms":45}
{"ts":"2026-05-12T20:04:55.430Z","level":"info","message":"http","reqId":425,"method":"GET","path":"/panel/pendientes","status":200,"ms":40}
{"ts":"2026-05-12T20:04:56.464Z","level":"info","message":"http","reqId":426,"method":"GET","path":"/panel/en_transito","status":200,"ms":31}
{"ts":"2026-05-12T20:04:57.070Z","level":"info","message":"http","reqId":427,"method":"GET","path":"/panel/entregados","status":200,"ms":34}
{"ts":"2026-05-12T20:04:57.106Z","level":"info","message":"http","reqId":428,"method":"GET","path":"/panel/entregados","status":200,"ms":32}
{"ts":"2026-05-12T20:04:57.140Z","level":"info","message":"http","reqId":429,"method":"GET","path":"/panel/entregados","status":200,"ms":32}
{"ts":"2026-05-12T20:04:57.508Z","level":"info","message":"http","reqId":430,"method":"GET","path":"/panel/anulados","status":200,"ms":32}
{"ts":"2026-05-12T20:04:57.542Z","level":"info","message":"http","reqId":431,"method":"GET","path":"/panel/anulados","status":200,"ms":32}
{"ts":"2026-05-12T20:04:58.164Z","level":"info","message":"http","reqId":432,"method":"GET","path":"/panel/entregados","status":200,"ms":32}
{"ts":"2026-05-12T20:04:58.198Z","level":"info","message":"http","reqId":433,"method":"GET","path":"/panel/entregados","status":200,"ms":32}
{"ts":"2026-05-12T20:04:58.233Z","level":"info","message":"http","reqId":434,"method":"GET","path":"/panel/entregados","status":200,"ms":33}
{"ts":"2026-05-12T20:04:59.149Z","level":"info","message":"http","reqId":435,"method":"GET","path":"/panel/anulados","status":200,"ms":33}
{"ts":"2026-05-12T20:04:59.197Z","level":"info","message":"http","reqId":436,"method":"GET","path":"/panel/anulados","status":200,"ms":46}
{"ts":"2026-05-12T20:04:59.963Z","level":"info","message":"http","reqId":437,"method":"GET","path":"/panel/acuses","status":200,"ms":39}
{"ts":"2026-05-12T20:04:59.999Z","level":"info","message":"http","reqId":438,"method":"GET","path":"/panel/acuses","status":200,"ms":34}
{"ts":"2026-05-12T20:05:00.043Z","level":"info","message":"http","reqId":439,"method":"GET","path":"/panel/acuses","status":200,"ms":42}
{"ts":"2026-05-12T20:05:00.083Z","level":"info","message":"http","reqId":440,"method":"GET","path":"/panel/acuses","status":200,"ms":38}
{"ts":"2026-05-12T20:05:00.125Z","level":"info","message":"http","reqId":441,"method":"GET","path":"/panel/acuses","status":200,"ms":40}
{"ts":"2026-05-12T20:05:00.159Z","level":"info","message":"http","reqId":442,"method":"GET","path":"/panel/acuses","status":200,"ms":32}
{"ts":"2026-05-12T20:05:00.193Z","level":"info","message":"http","reqId":443,"method":"GET","path":"/panel/acuses","status":200,"ms":32}
{"ts":"2026-05-12T20:05:00.227Z","level":"info","message":"http","reqId":444,"method":"GET","path":"/panel/acuses","status":200,"ms":32}
{"ts":"2026-05-12T20:05:00.261Z","level":"info","message":"http","reqId":445,"method":"GET","path":"/panel/acuses","status":200,"ms":32}
{"ts":"2026-05-12T20:05:00.295Z","level":"info","message":"http","reqId":446,"method":"GET","path":"/panel/acuses","status":200,"ms":32}
{"ts":"2026-05-12T20:05:00.329Z","level":"info","message":"http","reqId":447,"method":"GET","path":"/panel/acuses","status":200,"ms":32}
{"ts":"2026-05-12T20:05:00.363Z","level":"info","message":"http","reqId":448,"method":"GET","path":"/panel/acuses","status":200,"ms":32}
{"ts":"2026-05-12T20:05:00.399Z","level":"info","message":"http","reqId":449,"method":"GET","path":"/panel/acuses","status":200,"ms":33}
{"ts":"2026-05-12T20:05:00.433Z","level":"info","message":"http","reqId":450,"method":"GET","path":"/panel/acuses","status":200,"ms":32}
{"ts":"2026-05-12T20:05:01.574Z","level":"info","message":"http","reqId":451,"method":"GET","path":"/panel/anulados","status":200,"ms":32}
{"ts":"2026-05-12T20:05:01.608Z","level":"info","message":"http","reqId":452,"method":"GET","path":"/panel/anulados","status":200,"ms":31}
{"ts":"2026-05-12T20:05:02.073Z","level":"info","message":"http","reqId":453,"method":"GET","path":"/panel/entregados","status":200,"ms":32}
{"ts":"2026-05-12T20:05:02.108Z","level":"info","message":"http","reqId":454,"method":"GET","path":"/panel/entregados","status":200,"ms":32}
{"ts":"2026-05-12T20:05:02.142Z","level":"info","message":"http","reqId":455,"method":"GET","path":"/panel/entregados","status":200,"ms":32}
{"ts":"2026-05-12T20:05:02.479Z","level":"info","message":"http","reqId":456,"method":"GET","path":"/panel/en_transito","status":200,"ms":38}
{"ts":"2026-05-12T20:05:02.795Z","level":"info","message":"http","reqId":457,"method":"GET","path":"/panel/pendientes","status":200,"ms":35}
{"ts":"2026-05-12T20:05:02.829Z","level":"info","message":"http","reqId":458,"method":"GET","path":"/panel/pendientes","status":200,"ms":32}
{"ts":"2026-05-12T20:05:02.863Z","level":"info","message":"http","reqId":459,"method":"GET","path":"/panel/pendientes","status":200,"ms":32}
{"ts":"2026-05-12T20:05:02.897Z","level":"info","message":"http","reqId":460,"method":"GET","path":"/panel/pendientes","status":200,"ms":32}
{"ts":"2026-05-12T20:05:02.931Z","level":"info","message":"http","reqId":461,"method":"GET","path":"/panel/pendientes","status":200,"ms":32}
{"ts":"2026-05-12T20:05:02.966Z","level":"info","message":"http","reqId":462,"method":"GET","path":"/panel/pendientes","status":200,"ms":33}
{"ts":"2026-05-12T20:05:03.000Z","level":"info","message":"http","reqId":463,"method":"GET","path":"/panel/pendientes","status":200,"ms":32}
{"ts":"2026-05-12T20:05:03.042Z","level":"info","message":"http","reqId":464,"method":"GET","path":"/panel/pendientes","status":200,"ms":33}
{"ts":"2026-05-12T20:05:03.077Z","level":"info","message":"http","reqId":465,"method":"GET","path":"/panel/pendientes","status":200,"ms":33}
{"ts":"2026-05-12T20:05:03.131Z","level":"info","message":"http","reqId":466,"method":"GET","path":"/panel/pendientes","status":200,"ms":44}
